<?xml version="1.0" encoding="UTF-8"?>
<!-- Generated by org.testng.reporters.JUnitXMLReporter -->
<testsuite ignored="5" hostname="LAPTOP-M9NR2LIP" failures="0" tests="2" name="Test" time="2.908" errors="0" timestamp="2020-11-14T17:35:13 IST">
  <testcase classname="application.todotest" name="listingTasks" time="2.806"/>
  <testcase classname="application.todotest" name="getaSingleTask" time="0.022"/>
  <testcase classname="application.todotest" name="createTask" time="0.0">
    <ignored/>
  </testcase> <!-- createTask -->
  <testcase classname="application.todotest" name="markTaskCompleted" time="0.0">
    <ignored/>
  </testcase> <!-- markTaskCompleted -->
  <testcase classname="application.todotest" name="deleteExistingTask" time="0.0">
    <ignored/>
  </testcase> <!-- deleteExistingTask -->
  <testcase classname="application.todotest" name="modifyTask" time="0.0">
    <ignored/>
  </testcase> <!-- modifyTask -->
  <testcase classname="application.todotest" name="markTaskInComplete" time="0.0">
    <ignored/>
  </testcase> <!-- markTaskInComplete -->
</testsuite> <!-- Test -->
