<?xml version="1.0" encoding="UTF-8"?>
<!-- Generated by org.testng.reporters.JUnitXMLReporter -->
<testsuite ignored="4" hostname="LAPTOP-M9NR2LIP" failures="0" tests="3" name="Test" time="3.134" errors="0" timestamp="2020-11-18T16:00:56 IST">
  <testcase classname="application.todotest" name="listingTasks" time="2.934"/>
  <testcase classname="application.todotest" name="getaSingleTask" time="0.02"/>
  <testcase classname="application.todotest" name="createTask" time="0.089"/>
  <testcase classname="application.todotest" name="markTaskCompleted" time="0.0">
    <ignored/>
  </testcase> <!-- markTaskCompleted -->
  <testcase classname="application.todotest" name="deleteExistingTask" time="0.0">
    <ignored/>
  </testcase> <!-- deleteExistingTask -->
  <testcase classname="application.todotest" name="modifyTask" time="0.0">
    <ignored/>
  </testcase> <!-- modifyTask -->
  <testcase classname="application.todotest" name="markTaskInComplete" time="0.0">
    <ignored/>
  </testcase> <!-- markTaskInComplete -->
</testsuite> <!-- Test -->
