<?xml version="1.0" encoding="UTF-8"?>
<testng-results ignored="4" total="7" passed="3" failed="0" skipped="0">
  <reporter-output>
  </reporter-output>
  <suite started-at="2020-11-18T16:00:53 IST" name="Suite" finished-at="2020-11-18T16:00:56 IST" duration-ms="3134">
    <groups>
    </groups>
    <test started-at="2020-11-18T16:00:53 IST" name="Test" finished-at="2020-11-18T16:00:56 IST" duration-ms="3134">
      <class name="application.todotest">
        <test-method signature="listingTasks()[pri:1, instance:application.todotest@28237492]" started-at="2020-11-18T16:00:53 IST" name="listingTasks" finished-at="2020-11-18T16:00:56 IST" duration-ms="2934" status="PASS">
          <reporter-output>
          </reporter-output>
        </test-method> <!-- listingTasks -->
        <test-method signature="getaSingleTask(java.lang.String)[pri:2, instance:application.todotest@28237492]" started-at="2020-11-18T16:00:56 IST" name="getaSingleTask" finished-at="2020-11-18T16:00:56 IST" depends-on-methods="application.todotest.listingTasks" duration-ms="20" status="PASS">
          <params>
            <param index="0">
              <value>
                <![CDATA[NLgZ6AKp]]>
              </value>
            </param>
          </params>
          <reporter-output>
          </reporter-output>
        </test-method> <!-- getaSingleTask -->
        <test-method signature="createTask(java.lang.String, java.lang.String)[pri:3, instance:application.todotest@28237492]" started-at="2020-11-18T16:00:56 IST" name="createTask" finished-at="2020-11-18T16:00:56 IST" duration-ms="89" status="PASS">
          <params>
            <param index="0">
              <value>
                <![CDATA[Eat Veg food]]>
              </value>
            </param>
            <param index="1">
              <value>
                <![CDATA[true]]>
              </value>
            </param>
          </params>
          <reporter-output>
          </reporter-output>
        </test-method> <!-- createTask -->
      </class> <!-- application.todotest -->
    </test> <!-- Test -->
  </suite> <!-- Suite -->
</testng-results>
